Using pre-set license
Built from '6000.0/staging' branch; Version is '6000.0.34f1 (5ab2d9ed9190) revision 5944025'; Using compiler version '193933523'; Build Type 'Release'
OS: 'Windows 10  (10.0.19045) 64bit Core' Language: 'en' Physical Memory: 31893 MB
BatchMode: 1, IsHumanControllingUs: 0, StartBugReporterOnCrash: 0, Is64bit: 1, IsPro: 1

COMMAND LINE ARGUMENTS:
D:\Program Files\6000.0.34f1\Editor\Unity.exe
-adb2
-batchMode
-noUpm
-name
AssetImportWorker1
-projectPath
C:/Users/shaft/OneDrive/Documents/CapstoneFIles/CapstoneENG/Capstone
-logFile
Logs/AssetImportWorker1.log
-srvPort
53946
-job-worker-count
11
-background-job-worker-count
8
-gc-helper-count
1
Successfully changed project path to: C:/Users/shaft/OneDrive/Documents/CapstoneFIles/CapstoneENG/Capstone
C:/Users/shaft/OneDrive/Documents/CapstoneFIles/CapstoneENG/Capstone
[UnityMemory] Configuration Parameters - Can be set up in boot.config
    "memorysetup-bucket-allocator-granularity=16"
    "memorysetup-bucket-allocator-bucket-count=8"
    "memorysetup-bucket-allocator-block-size=33554432"
    "memorysetup-bucket-allocator-block-count=8"
    "memorysetup-main-allocator-block-size=16777216"
    "memorysetup-thread-allocator-block-size=16777216"
    "memorysetup-gfx-main-allocator-block-size=16777216"
    "memorysetup-gfx-thread-allocator-block-size=16777216"
    "memorysetup-cache-allocator-block-size=4194304"
    "memorysetup-typetree-allocator-block-size=2097152"
    "memorysetup-profiler-bucket-allocator-granularity=16"
    "memorysetup-profiler-bucket-allocator-bucket-count=8"
    "memorysetup-profiler-bucket-allocator-block-size=33554432"
    "memorysetup-profiler-bucket-allocator-block-count=8"
    "memorysetup-profiler-allocator-block-size=16777216"
    "memorysetup-profiler-editor-allocator-block-size=1048576"
    "memorysetup-temp-allocator-size-main=16777216"
    "memorysetup-job-temp-allocator-block-size=2097152"
    "memorysetup-job-temp-allocator-block-size-background=1048576"
    "memorysetup-job-temp-allocator-reduction-small-platforms=262144"
    "memorysetup-allocator-temp-initial-block-size-main=262144"
    "memorysetup-allocator-temp-initial-block-size-worker=262144"
    "memorysetup-temp-allocator-size-background-worker=32768"
    "memorysetup-temp-allocator-size-job-worker=262144"
    "memorysetup-temp-allocator-size-preload-manager=33554432"
    "memorysetup-temp-allocator-size-nav-mesh-worker=65536"
    "memorysetup-temp-allocator-size-audio-worker=65536"
    "memorysetup-temp-allocator-size-cloud-worker=32768"
    "memorysetup-temp-allocator-size-gi-baking-worker=262144"
    "memorysetup-temp-allocator-size-gi-baking-worker=262144"
    "memorysetup-temp-allocator-size-gi-baking-worker=262144"
    "memorysetup-temp-allocator-size-gi-baking-worker=262144"
    "memorysetup-temp-allocator-size-gi-baking-worker=262144"
    "memorysetup-temp-allocator-size-gfx=262144"
Player connection [19348]  Target information:

Player connection [19348]  * "[IP] 192.168.181.1 [Port] 0 [Flags] 2 [Guid] 1205988343 [EditorId] 1205988343 [Version] 1048832 [Id] WindowsEditor(7,DESKTOP-L8PU6L9) [Debug] 1 [PackageName] WindowsEditor [ProjectName] Editor" 

Player connection [19348]  * "[IP] 192.168.159.1 [Port] 0 [Flags] 2 [Guid] 1205988343 [EditorId] 1205988343 [Version] 1048832 [Id] WindowsEditor(7,DESKTOP-L8PU6L9) [Debug] 1 [PackageName] WindowsEditor [ProjectName] Editor" 

Player connection [19348]  * "[IP] 192.168.56.1 [Port] 0 [Flags] 2 [Guid] 1205988343 [EditorId] 1205988343 [Version] 1048832 [Id] WindowsEditor(7,DESKTOP-L8PU6L9) [Debug] 1 [PackageName] WindowsEditor [ProjectName] Editor" 

Player connection [19348]  * "[IP] 192.168.2.127 [Port] 0 [Flags] 2 [Guid] 1205988343 [EditorId] 1205988343 [Version] 1048832 [Id] WindowsEditor(7,DESKTOP-L8PU6L9) [Debug] 1 [PackageName] WindowsEditor [ProjectName] Editor" 

Player connection [19348] Host joined multi-casting on [225.0.0.222:54997]...
Player connection [19348] Host joined alternative multi-casting on [225.0.0.222:34997]...
JobSystem: Creating JobQueue using job-worker-count value 11
Input System module state changed to: Initialized.
[Physics::Module] Initialized fallback backend.
[Physics::Module] Id: 0xdecafbad
Library Redirect Path: Library/
[Physics::Module] Selected backend.
[Physics::Module] Name: PhysX
[Physics::Module] Id: 0xf2b8ea05
[Physics::Module] SDK Version: 4.1.2
[Physics::Module] Integration Version: 1.0.0
[Physics::Module] Threading Mode: Multi-Threaded
Refreshing native plugins compatible for Editor in 6.39 ms, found 5 plugins.
Preloading 1 native plugins for Editor in 0.53 ms.
Initialize engine version: 6000.0.34f1 (5ab2d9ed9190)
[Subsystems] Discovering subsystems at path D:/Program Files/6000.0.34f1/Editor/Data/Resources/UnitySubsystems
[Subsystems] Discovering subsystems at path C:/Users/shaft/OneDrive/Documents/CapstoneFIles/CapstoneENG/Capstone/Assets
GfxDevice: creating device client; kGfxThreadingModeNonThreaded
Direct3D:
    Version:  Direct3D 11.0 [level 11.1]
    Renderer: AMD Radeon RX 6600 XT (ID=0x73ff)
    Vendor:   ATI
    VRAM:     8126 MB
    Driver:   32.0.12033.1030
Initialize mono
Mono path[0] = 'D:/Program Files/6000.0.34f1/Editor/Data/Managed'
Mono path[1] = 'D:/Program Files/6000.0.34f1/Editor/Data/MonoBleedingEdge/lib/mono/unityjit-win32'
Mono config path = 'D:/Program Files/6000.0.34f1/Editor/Data/MonoBleedingEdge/etc'
Using monoOptions --debugger-agent=transport=dt_socket,embedding=1,server=y,suspend=n,address=127.0.0.1:56244
Begin MonoManager ReloadAssembly
Registering precompiled unity dll's ...
Register platform support module: D:/Program Files/6000.0.34f1/Editor/Data/PlaybackEngines/WindowsStandaloneSupport/UnityEditor.WindowsStandalone.Extensions.dll
Register platform support module: D:/Program Files/6000.0.34f1/Editor/Data/PlaybackEngines/AndroidPlayer/UnityEditor.Android.Extensions.dll
Register platform support module: D:/Program Files/6000.0.34f1/Editor/Data/PlaybackEngines/iOSSupport/UnityEditor.iOS.Extensions.dll
Registered in 0.003213 seconds.
- Loaded All Assemblies, in  0.255 seconds
[usbmuxd] Start listen thread
[usbmuxd] Listen thread started
[usbmuxd] Send listen message
Native extension for iOS target not found
Native extension for Android target not found
Android Extension - Scanning For ADB Devices 220 ms
Native extension for WindowsStandalone target not found
Mono: successfully reloaded assembly
- Finished resetting the current domain, in  0.462 seconds
Domain Reload Profiling: 716ms
	BeginReloadAssembly (93ms)
		ExecutionOrderSort (0ms)
		DisableScriptedObjects (0ms)
		BackupInstance (0ms)
		ReleaseScriptingObjects (0ms)
		CreateAndSetChildDomain (0ms)
	RebuildCommonClasses (23ms)
	RebuildNativeTypeToScriptingClass (8ms)
	initialDomainReloadingComplete (29ms)
	LoadAllAssembliesAndSetupDomain (102ms)
		LoadAssemblies (94ms)
		RebuildTransferFunctionScriptingTraits (0ms)
		AnalyzeDomain (99ms)
			TypeCache.Refresh (98ms)
				TypeCache.ScanAssembly (89ms)
			BuildScriptInfoCaches (0ms)
			ResolveRequiredComponents (0ms)
	FinalizeReload (462ms)
		ReleaseScriptCaches (0ms)
		RebuildScriptCaches (0ms)
		SetupLoadedEditorAssemblies (442ms)
			LogAssemblyErrors (0ms)
			InitializePlatformSupportModulesInManaged (289ms)
			SetLoadedEditorAssemblies (3ms)
			BeforeProcessingInitializeOnLoad (33ms)
			ProcessInitializeOnLoadAttributes (76ms)
			ProcessInitializeOnLoadMethodAttributes (41ms)
			AfterProcessingInitializeOnLoad (0ms)
			EditorAssembliesLoaded (0ms)
		ExecutionOrderSort2 (0ms)
		AwakeInstancesAfterBackupRestoration (0ms)
========================================================================
Worker process is ready to serve import requests
Import Worker Mode flag is 0x00
Begin MonoManager ReloadAssembly
- Loaded All Assemblies, in  0.541 seconds
Refreshing native plugins compatible for Editor in 4.75 ms, found 5 plugins.
Native extension for iOS target not found
Native extension for Android target not found
Native extension for WindowsStandalone target not found
Package Manager log level set to [2]
[Package Manager] Failed to launch server process. Reason: Unity was launched with the -noUpm command-line argument
[Package Manager] Unable to send message (not connected to server process).
[Package Manager] Cannot connect to Unity Package Manager local server
[Package Manager] Failed to launch server process. Reason: Unity was launched with the -noUpm command-line argument
[Package Manager] Unable to send message (not connected to server process).
[Package Manager] Cannot connect to Unity Package Manager local server
[Package Manager] Failed to launch server process. Reason: Unity was launched with the -noUpm command-line argument
[Package Manager] Unable to send message (not connected to server process).
[Package Manager] Cannot connect to Unity Package Manager local server
AssertionException: Error removing Draco for Unity WebGL sub-packages.. Failed fetching installed packages.
Assertion failure. Values are not equal.
Expected: Failure == Success
  at UnityEngine.Assertions.Assert.Fail (System.String message, System.String userMessage) [0x00043] in <84f0d810adef4e6c8deab33e4ae93f7c>:0 
  at UnityEngine.Assertions.Assert.AreEqual[T] (T expected, T actual, System.String message, System.Collections.Generic.IEqualityComparer`1[T] comparer) [0x0005f] in <84f0d810adef4e6c8deab33e4ae93f7c>:0 
  at UnityEngine.Assertions.Assert.AreEqual[T] (T expected, T actual, System.String message) [0x00009] in <84f0d810adef4e6c8deab33e4ae93f7c>:0 
  at SubPackage.SubPackageRemover.GetAllInstalledPackagesAsync (System.Double timeout) [0x000b7] in .\Library\PackageCache\com.unity.cloud.draco\Editor\Scripts\SubPackage\SubPackageRemover.cs:122 
  at SubPackage.SubPackageRemover.TryRemoveObsoleteSubPackagesAsync () [0x0002a] in .\Library\PackageCache\com.unity.cloud.draco\Editor\Scripts\SubPackage\SubPackageRemover.cs:40 
UnityEngine.DebugLogHandler:Internal_LogException_Injected(Exception, IntPtr)
UnityEngine.DebugLogHandler:Internal_LogException(Exception, Object)
UnityEngine.DebugLogHandler:LogException(Exception, Object)
UnityEngine.Logger:LogException(Exception, Object)
UnityEngine.Debug:LogException(Exception)
SubPackage.<TryRemoveObsoleteSubPackagesAsync>d__5:MoveNext() (at .\Library\PackageCache\com.unity.cloud.draco\Editor\Scripts\SubPackage\SubPackageRemover.cs:57)
System.Runtime.CompilerServices.AsyncTaskMethodBuilder:Start(<TryRemoveObsoleteSubPackagesAsync>d__5&)
SubPackage.SubPackageRemover:TryRemoveObsoleteSubPackagesAsync()
System.Reflection.RuntimeMethodInfo:InternalInvoke(RuntimeMethodInfo, Object, Object[], Exception&)
System.Reflection.RuntimeMethodInfo:Invoke(Object, BindingFlags, Binder, Object[], CultureInfo)
System.Reflection.MethodBase:Invoke(Object, Object[])
UnityEditor.EditorAssemblies:ProcessInitializeOnLoadMethodAttributes()

(Filename: ./Library/PackageCache/com.unity.cloud.draco/Editor/Scripts/SubPackage/SubPackageRemover.cs Line: 57)

Mono: successfully reloaded assembly
[Package Manager] Failed to launch server process. Reason: Unity was launched with the -noUpm command-line argument
[Package Manager] Unable to send message (not connected to server process).
[Package Manager] Cannot connect to Unity Package Manager local server
[Package Manager] Failed to launch server process. Reason: Unity was launched with the -noUpm command-line argument
[Package Manager] Unable to send message (not connected to server process).
[Package Manager] Cannot connect to Unity Package Manager local server
- Finished resetting the current domain, in  0.423 seconds
Domain Reload Profiling: 961ms
	BeginReloadAssembly (128ms)
		ExecutionOrderSort (0ms)
		DisableScriptedObjects (4ms)
		BackupInstance (0ms)
		ReleaseScriptingObjects (0ms)
		CreateAndSetChildDomain (25ms)
	RebuildCommonClasses (23ms)
	RebuildNativeTypeToScriptingClass (8ms)
	initialDomainReloadingComplete (23ms)
	LoadAllAssembliesAndSetupDomain (355ms)
		LoadAssemblies (268ms)
		RebuildTransferFunctionScriptingTraits (0ms)
		AnalyzeDomain (168ms)
			TypeCache.Refresh (122ms)
				TypeCache.ScanAssembly (111ms)
			BuildScriptInfoCaches (40ms)
			ResolveRequiredComponents (4ms)
	FinalizeReload (424ms)
		ReleaseScriptCaches (0ms)
		RebuildScriptCaches (0ms)
		SetupLoadedEditorAssemblies (348ms)
			LogAssemblyErrors (0ms)
			InitializePlatformSupportModulesInManaged (10ms)
			SetLoadedEditorAssemblies (3ms)
			BeforeProcessingInitializeOnLoad (73ms)
			ProcessInitializeOnLoadAttributes (222ms)
			ProcessInitializeOnLoadMethodAttributes (38ms)
			AfterProcessingInitializeOnLoad (1ms)
			EditorAssembliesLoaded (0ms)
		ExecutionOrderSort2 (0ms)
		AwakeInstancesAfterBackupRestoration (4ms)
Launched and connected shader compiler UnityShaderCompiler.exe after 0.01 seconds
Refreshing native plugins compatible for Editor in 5.10 ms, found 5 plugins.
Preloading 1 native plugins for Editor in 0.05 ms.
Unloading 36 Unused Serialized files (Serialized files now loaded: 0)
Unloading 5303 unused Assets / (2.7 MB). Loaded Objects now: 5784.
Memory consumption went from 105.2 MB to 102.5 MB.
Total: 5.163800 ms (FindLiveObjects: 0.503800 ms CreateObjectMapping: 0.330900 ms MarkObjects: 3.031100 ms  DeleteObjects: 1.297500 ms)

========================================================================
Received Import Request.
  Time since last request: 1112536.060119 seconds.
  path: Assets/MultiSet/Sprites/button_bg.png
  artifactKey: Guid(2b630a11acc4149e18ef5c9c081308e7) Importer(815301076,1909f56bfc062723c751e8b465ee728b)
Start importing Assets/MultiSet/Sprites/button_bg.png using Guid(2b630a11acc4149e18ef5c9c081308e7) Importer(815301076,1909f56bfc062723c751e8b465ee728b) (PreviewImporter) -> (artifact id: '6e3cd1904dde79c1279c8256c60d8a32') in 0.1160945 seconds
Number of updated asset objects reloaded before import = 0Number of asset objects unloaded after import = 3

========================================================================
Received Import Request.
  Time since last request: 0.000014 seconds.
  path: Assets/MultiSet/Sprites/circle.psd
  artifactKey: Guid(a52b6bdb3c8154c749dac5363574f999) Importer(815301076,1909f56bfc062723c751e8b465ee728b)
Start importing Assets/MultiSet/Sprites/circle.psd using Guid(a52b6bdb3c8154c749dac5363574f999) Importer(815301076,1909f56bfc062723c751e8b465ee728b) (PreviewImporter) -> (artifact id: '6f892892609182b72d3adaa7685e3ec1') in 0.0160825 seconds
Number of updated asset objects reloaded before import = 0Number of asset objects unloaded after import = 3

========================================================================
Received Import Request.
  Time since last request: 22.848795 seconds.
  path: Assets/XR/XRGeneralSettingsPerBuildTarget.asset
  artifactKey: Guid(2c87c0c6d046939489e2b81deebfb446) Importer(815301076,1909f56bfc062723c751e8b465ee728b)
Start importing Assets/XR/XRGeneralSettingsPerBuildTarget.asset using Guid(2c87c0c6d046939489e2b81deebfb446) Importer(815301076,1909f56bfc062723c751e8b465ee728b) (PreviewImporter) -> (artifact id: '2d6c923906fc693fc0e80b2e7f93224f') in 0.0010783 seconds
Number of updated asset objects reloaded before import = 0Number of asset objects unloaded after import = 0

========================================================================
Received Import Request.
  Time since last request: 0.000045 seconds.
  path: Assets/XR/Loaders/ARCoreLoader.asset
  artifactKey: Guid(f25dc5ce2bfb85c4da191f4418ada46d) Importer(815301076,1909f56bfc062723c751e8b465ee728b)
Start importing Assets/XR/Loaders/ARCoreLoader.asset using Guid(f25dc5ce2bfb85c4da191f4418ada46d) Importer(815301076,1909f56bfc062723c751e8b465ee728b) (PreviewImporter) -> (artifact id: '85461520506da3a4ff9f13cbf9e3e451') in 0.0008034 seconds
Number of updated asset objects reloaded before import = 0Number of asset objects unloaded after import = 0

========================================================================
Received Import Request.
  Time since last request: 0.004475 seconds.
  path: Assets/XR/Settings/ARCoreSettings.asset
  artifactKey: Guid(e9d56aa88199b70458e65dbe7aa8da24) Importer(815301076,1909f56bfc062723c751e8b465ee728b)
Start importing Assets/XR/Settings/ARCoreSettings.asset using Guid(e9d56aa88199b70458e65dbe7aa8da24) Importer(815301076,1909f56bfc062723c751e8b465ee728b) (PreviewImporter) -> (artifact id: '262785208fe296f3cc52f437f787bcfd') in 0.0011236 seconds
Number of updated asset objects reloaded before import = 0Number of asset objects unloaded after import = 1

========================================================================
Received Import Request.
  Time since last request: 4.220397 seconds.
  path: Assets/MultiSet/Assets/Gizmo/Materials/axis-x.mat
  artifactKey: Guid(673c142928705473c91fd4d6209b43d4) Importer(815301076,1909f56bfc062723c751e8b465ee728b)
Start importing Assets/MultiSet/Assets/Gizmo/Materials/axis-x.mat using Guid(673c142928705473c91fd4d6209b43d4) Importer(815301076,1909f56bfc062723c751e8b465ee728b) (PreviewImporter) -> (artifact id: '03e8f680894198800de7d21a68cbc930') in 0.0343787 seconds
Number of updated asset objects reloaded before import = 0Number of asset objects unloaded after import = 1

========================================================================
Received Import Request.
  Time since last request: 0.057200 seconds.
  path: Assets/MultiSet/Assets/Gizmo/Materials/axis-z.mat
  artifactKey: Guid(6ef8764bb23934207a0414bc151150eb) Importer(815301076,1909f56bfc062723c751e8b465ee728b)
Start importing Assets/MultiSet/Assets/Gizmo/Materials/axis-z.mat using Guid(6ef8764bb23934207a0414bc151150eb) Importer(815301076,1909f56bfc062723c751e8b465ee728b) (PreviewImporter) -> (artifact id: 'd338d988149a9681039537036b739976') in 0.0251731 seconds
Number of updated asset objects reloaded before import = 0Number of asset objects unloaded after import = 1

========================================================================
Received Import Request.
  Time since last request: 6.144758 seconds.
  path: Assets/MultiSet/Fonts/Poppins/Poppins-Light.ttf
  artifactKey: Guid(7f7a119324540483e8314ab2f94deffc) Importer(815301076,1909f56bfc062723c751e8b465ee728b)
Start importing Assets/MultiSet/Fonts/Poppins/Poppins-Light.ttf using Guid(7f7a119324540483e8314ab2f94deffc) Importer(815301076,1909f56bfc062723c751e8b465ee728b) (PreviewImporter) -> (artifact id: 'fae221156608a3d99ccbe23a8d781f51') in 0.0372243 seconds
Number of updated asset objects reloaded before import = 0Number of asset objects unloaded after import = 4

========================================================================
Received Import Request.
  Time since last request: 0.198947 seconds.
  path: Assets/MultiSet/Fonts/Poppins/Poppins-Bold.ttf
  artifactKey: Guid(76810d65571de4d2ab168b94aff2a35a) Importer(815301076,1909f56bfc062723c751e8b465ee728b)
Start importing Assets/MultiSet/Fonts/Poppins/Poppins-Bold.ttf using Guid(76810d65571de4d2ab168b94aff2a35a) Importer(815301076,1909f56bfc062723c751e8b465ee728b) (PreviewImporter) -> (artifact id: 'a3112d576a50e8c25c974f5ea0170158') in 0.0073609 seconds
Number of updated asset objects reloaded before import = 0Number of asset objects unloaded after import = 4

========================================================================
Received Import Request.
  Time since last request: 1.374260 seconds.
  path: Assets/MultiSet/Sprites/MultiSet_Logo.jpg
  artifactKey: Guid(cf999ec6540d442ec864f8634602bd69) Importer(815301076,1909f56bfc062723c751e8b465ee728b)
Start importing Assets/MultiSet/Sprites/MultiSet_Logo.jpg using Guid(cf999ec6540d442ec864f8634602bd69) Importer(815301076,1909f56bfc062723c751e8b465ee728b) (PreviewImporter) -> (artifact id: '5a33bb61e5a4caef2db31b1c61fefa75') in 0.0172847 seconds
Number of updated asset objects reloaded before import = 0Number of asset objects unloaded after import = 3

========================================================================
Received Import Request.
  Time since last request: 0.001152 seconds.
  path: Assets/MultiSet/Resources/MultiSetConfig.asset
  artifactKey: Guid(4567fa12b55e24741a76624b44c59dfe) Importer(815301076,1909f56bfc062723c751e8b465ee728b)
Start importing Assets/MultiSet/Resources/MultiSetConfig.asset using Guid(4567fa12b55e24741a76624b44c59dfe) Importer(815301076,1909f56bfc062723c751e8b465ee728b) (PreviewImporter) -> (artifact id: '024de8a5bca975bf28a0b31ddc1163b6') in 0.0016872 seconds
Number of updated asset objects reloaded before import = 0Number of asset objects unloaded after import = 1

========================================================================
Received Import Request.
  Time since last request: 0.000025 seconds.
  path: Assets/MultiSet/Scenes/Localization/NavMesh-NavMesh.asset
  artifactKey: Guid(b5133c545550b554d9fe973ff3b3ccf1) Importer(815301076,1909f56bfc062723c751e8b465ee728b)
Start importing Assets/MultiSet/Scenes/Localization/NavMesh-NavMesh.asset using Guid(b5133c545550b554d9fe973ff3b3ccf1) Importer(815301076,1909f56bfc062723c751e8b465ee728b) (PreviewImporter) -> (artifact id: '1f6622a3bbe2b0652a03e14b60fcd500') in 0.0010005 seconds
Number of updated asset objects reloaded before import = 0Number of asset objects unloaded after import = 1

========================================================================
Received Import Request.
  Time since last request: 0.000033 seconds.
  path: Assets/MultiSet/Prefabs/MultisetSdkManager.prefab
  artifactKey: Guid(7d7db1522ea264a50b02f09f6143d035) Importer(815301076,1909f56bfc062723c751e8b465ee728b)
Start importing Assets/MultiSet/Prefabs/MultisetSdkManager.prefab using Guid(7d7db1522ea264a50b02f09f6143d035) Importer(815301076,1909f56bfc062723c751e8b465ee728b) (PreviewImporter) -> (artifact id: '767fbdb7d0a653c84969d5e79f78f46b') in 0.0072059 seconds
Number of updated asset objects reloaded before import = 0Number of asset objects unloaded after import = 7

========================================================================
Received Import Request.
  Time since last request: 0.000013 seconds.
  path: Assets/MultiSet/Resources/Materials/OcclusionMat.mat
  artifactKey: Guid(7b5652bb3a2f043a88161b3b1e1a3740) Importer(815301076,1909f56bfc062723c751e8b465ee728b)
Start importing Assets/MultiSet/Resources/Materials/OcclusionMat.mat using Guid(7b5652bb3a2f043a88161b3b1e1a3740) Importer(815301076,1909f56bfc062723c751e8b465ee728b) (PreviewImporter) -> (artifact id: 'cce1a7562e783598a5e5b60bc77172bc') in 0.0101109 seconds
Number of updated asset objects reloaded before import = 0Number of asset objects unloaded after import = 1

========================================================================
Received Import Request.
  Time since last request: 0.000211 seconds.
  path: Assets/Art/Materials/Purple.mat
  artifactKey: Guid(2597666e71dd0ec47ae92ffe97c287fd) Importer(815301076,1909f56bfc062723c751e8b465ee728b)
Start importing Assets/Art/Materials/Purple.mat using Guid(2597666e71dd0ec47ae92ffe97c287fd) Importer(815301076,1909f56bfc062723c751e8b465ee728b) (PreviewImporter) -> (artifact id: '49cd0c653583087d474f1d4e31d8f2d3') in 0.0125434 seconds
Number of updated asset objects reloaded before import = 0Number of asset objects unloaded after import = 1

========================================================================
Received Import Request.
  Time since last request: 0.000018 seconds.
  path: Assets/MultiSet/Sprites/scan.png
  artifactKey: Guid(f373d08f4f660497c9ada3b96f942cf5) Importer(815301076,1909f56bfc062723c751e8b465ee728b)
Start importing Assets/MultiSet/Sprites/scan.png using Guid(f373d08f4f660497c9ada3b96f942cf5) Importer(815301076,1909f56bfc062723c751e8b465ee728b) (PreviewImporter) -> (artifact id: '422634bf18c2b010c2a6caf8f1985d70') in 0.0117381 seconds
Number of updated asset objects reloaded before import = 0Number of asset objects unloaded after import = 3

========================================================================
Received Import Request.
  Time since last request: 0.000048 seconds.
  path: Assets/XR/UserSimulationSettings/SimulationEnvironmentAssetsManager.asset
  artifactKey: Guid(a713e357984c28f4e9e4aba7007f5c70) Importer(815301076,1909f56bfc062723c751e8b465ee728b)
Start importing Assets/XR/UserSimulationSettings/SimulationEnvironmentAssetsManager.asset using Guid(a713e357984c28f4e9e4aba7007f5c70) Importer(815301076,1909f56bfc062723c751e8b465ee728b) (PreviewImporter) -> (artifact id: '2f1994fbe98965719c26e204fd78f8f4') in 0.0016228 seconds
Number of updated asset objects reloaded before import = 0Number of asset objects unloaded after import = 1

========================================================================
Received Import Request.
  Time since last request: 0.000041 seconds.
  path: Assets/MultiSet/Prefabs/Sphere.prefab
  artifactKey: Guid(6309528e81259af45adc4928fdd44303) Importer(815301076,1909f56bfc062723c751e8b465ee728b)
Start importing Assets/MultiSet/Prefabs/Sphere.prefab using Guid(6309528e81259af45adc4928fdd44303) Importer(815301076,1909f56bfc062723c751e8b465ee728b) (PreviewImporter) -> (artifact id: '1ad958d2187e609bc1ee89c14a0d9dd2') in 0.025796 seconds
Number of updated asset objects reloaded before import = 0Number of asset objects unloaded after import = 7

========================================================================
Received Import Request.
  Time since last request: 0.007396 seconds.
  path: Assets/MultiSet/Sprites/warning.png
  artifactKey: Guid(21c965296787e4050a7cc78d6e130b46) Importer(815301076,1909f56bfc062723c751e8b465ee728b)
Start importing Assets/MultiSet/Sprites/warning.png using Guid(21c965296787e4050a7cc78d6e130b46) Importer(815301076,1909f56bfc062723c751e8b465ee728b) (PreviewImporter) -> (artifact id: 'a544d97c933a24581a72b74c201780cd') in 0.0120704 seconds
Number of updated asset objects reloaded before import = 0Number of asset objects unloaded after import = 3

========================================================================
Received Import Request.
  Time since last request: 0.000017 seconds.
  path: Assets/XR/UserSimulationSettings/Resources/XRSimulationPreferences.asset
  artifactKey: Guid(a1dff05b4ce1b0e4dad43734414acfc9) Importer(815301076,1909f56bfc062723c751e8b465ee728b)
Start importing Assets/XR/UserSimulationSettings/Resources/XRSimulationPreferences.asset using Guid(a1dff05b4ce1b0e4dad43734414acfc9) Importer(815301076,1909f56bfc062723c751e8b465ee728b) (PreviewImporter) -> (artifact id: 'c94277582616856020d66ff0b4962b52') in 0.0054656 seconds
Number of updated asset objects reloaded before import = 0Number of asset objects unloaded after import = 38

========================================================================
Received Prepare
Refreshing native plugins compatible for Editor in 4.63 ms, found 5 plugins.
Preloading 1 native plugins for Editor in 0.05 ms.
Unloading 8 Unused Serialized files (Serialized files now loaded: 0)
Unloading 5266 unused Assets / (2.8 MB). Loaded Objects now: 5836.
Memory consumption went from 103.1 MB to 100.3 MB.
Total: 5.184800 ms (FindLiveObjects: 0.494400 ms CreateObjectMapping: 0.150800 ms MarkObjects: 3.245800 ms  DeleteObjects: 1.293300 ms)

Prepare: number of updated asset objects reloaded= 0
Editor requested this worker to shutdown with reason: Scaling down because of idle timeout
AssetImportWorker is now disconnected from the server
Process exiting
Exiting without the bug reporter. Application will terminate with return code 0